Arguments: 
  /Users/tangross/.nvm/versions/node/v16.14.0/bin/node /usr/local/Cellar/yarn/1.22.17_2/libexec/bin/yarn.js add @openzeppelin/contracts

PATH: 
  /Users/tangross/.nvm/versions/node/v16.14.0/bin:/usr/local/bin/python3:/Users/tangross/Library/Python/3.9/bin:/Library/Java/JavaVirtualMachines/adoptopenjdk-8.jdk/Contents/Home/bin:/Users/tangross/.nvm/versions/node/v14.17.3/bin:/Users/tangross/.krew/bin:/usr/local/bin:/usr/bin:/bin:/usr/sbin:/sbin:/usr/local/go/bin:/usr/local/MacGPG2/bin:/Applications/Wireshark.app/Contents/MacOS:/usr/local/bin/python3:/Users/tangross/Library/Python/3.9/bin:/Library/Java/JavaVirtualMachines/adoptopenjdk-8.jdk/Contents/Home/bin:/Users/tangross/.nvm/versions/node/v16.14.0/bin:/Users/tangross/.krew/bin:/Users/tangross/.cargo/bin:/Users/tangross/.local/bin://Users/tangross/dev/2020/google-cloud-sdk/bin://Users/tangross/dev/2020/istio-1.10.2/bin:/Users/tangross/go/bin:/usr/local/opt/go/libexec/bin:/Users/tangross/Library/Android/sdk/emulator:/Users/tangross/Library/Android/sdk/tools:/Users/tangross/Library/Android/sdk/tools/bin:/Users/tangross/Library/Android/sdk/platform-tools:/Users/tangross/.local/bin:/usr/local/go/bin:/Users/tangross/go/bin:/usr/local/bin:/usr/bin:/bin:/usr/sbin:/sbin:/usr/local/go/bin:/usr/local/MacGPG2/bin:/Applications/Wireshark.app/Contents/MacOS:/usr/local/bin/python3:/Users/tangross/Library/Python/3.9/bin:/Library/Java/JavaVirtualMachines/adoptopenjdk-8.jdk/Contents/Home/bin:/Users/tangross/.nvm/versions/node/v16.14.0/bin:/Users/tangross/.krew/bin:/Users/tangross/.cargo/bin:/Users/tangross/.local/bin://Users/tangross/dev/2020/google-cloud-sdk/bin://Users/tangross/dev/2020/istio-1.10.2/bin:/Users/tangross/go/bin:/usr/local/opt/go/libexec/bin:/Users/tangross/Library/Android/sdk/emulator:/Users/tangross/Library/Android/sdk/tools:/Users/tangross/Library/Android/sdk/tools/bin:/Users/tangross/Library/Android/sdk/platform-tools:/Users/tangross/.local/bin://Users/tangross/dev/2020/google-cloud-sdk/bin://Users/tangross/dev/2020/istio-1.10.2/bin:/Users/tangross/go/bin:/usr/local/opt/go/libexec/bin:/Users/tangross/Library/Android/sdk/emulator:/Users/tangross/Library/Android/sdk/tools:/Users/tangross/Library/Android/sdk/tools/bin:/Users/tangross/Library/Android/sdk/platform-tools:/Users/tangross/.local/bin

Yarn version: 
  1.22.17

Node version: 
  16.14.0

Platform: 
  darwin x64

Trace: 
  Error: https://registry.yarnpkg.com/@types%2fsolidity-coverage: Not found
      at Request.params.callback [as _callback] (/usr/local/Cellar/yarn/1.22.17_2/libexec/lib/cli.js:67029:18)
      at Request.self.callback (/usr/local/Cellar/yarn/1.22.17_2/libexec/lib/cli.js:140883:22)
      at Request.emit (node:events:520:28)
      at Request.<anonymous> (/usr/local/Cellar/yarn/1.22.17_2/libexec/lib/cli.js:141855:10)
      at Request.emit (node:events:520:28)
      at IncomingMessage.<anonymous> (/usr/local/Cellar/yarn/1.22.17_2/libexec/lib/cli.js:141777:12)
      at Object.onceWrapper (node:events:639:28)
      at IncomingMessage.emit (node:events:532:35)
      at endReadableNT (node:internal/streams/readable:1346:12)
      at processTicksAndRejections (node:internal/process/task_queues:83:21)

npm manifest: 
  {
    "name": "hardhat-project",
    "devDependencies": {
      "@nomiclabs/hardhat-ethers": "^2.0.5",
      "@nomiclabs/hardhat-etherscan": "^3.0.1",
      "@nomiclabs/hardhat-waffle": "^2.0.2",
      "@typechain/ethers-v5": "^7.2.0",
      "@typechain/hardhat": "^2.3.1",
      "@types/chai": "^4.3.0",
      "@types/mocha": "^9.1.0",
      "@types/node": "^12.20.46",
      "@types/solidity-coverage": "^",
      "@typescript-eslint/eslint-plugin": "^4.33.0",
      "@typescript-eslint/parser": "^4.33.0",
      "chai": "^4.3.6",
      "dotenv": "^10.0.0",
      "eslint": "^7.32.0",
      "eslint-config-prettier": "^8.4.0",
      "eslint-config-standard": "^16.0.3",
      "eslint-plugin-import": "^2.25.4",
      "eslint-plugin-node": "^11.1.0",
      "eslint-plugin-prettier": "^3.4.1",
      "eslint-plugin-promise": "^5.2.0",
      "ethereum-waffle": "^3.4.0",
      "ethers": "^5.5.4",
      "hardhat": "^2.8.4",
      "hardhat-gas-reporter": "^1.0.8",
      "prettier": "^2.5.1",
      "prettier-plugin-solidity": "^1.0.0-beta.13",
      "solhint": "^3.3.7",
      "solidity-coverage": "^0.7.20",
      "ts-node": "^10.5.0",
      "typechain": "^5.2.0",
      "typescript": "^4.5.5"
    }
  }

yarn manifest: 
  No manifest

Lockfile: 
  No lockfile
